2025-09-06 17:07:19,924 | ERROR    | main | execute_query:474 | Error en query (intento 1/3): (sqlalchemy.dialects.postgresql.asyncpg.ProgrammingError) <class 'asyncpg.exceptions.UndefinedFunctionError'>: function date_part(unknown, integer) does not exist
HINT:  No function matches the given name and argument types. You might need to add explicit type casts.
[SQL: SELECT COUNT(*) FROM (
                SELECT 
                    p.*,
                    l.nombre_laboratorio,
                    s.nombre_seccion,
                    CASE WHEN p.stock_actual <= p.stock_minimo THEN true ELSE false END as alerta_stock,
                    CASE WHEN p.stock_maximo IS NOT NULL AND p.stock_actual > p.stock_maximo THEN true ELSE false END as stock_excedido,
                    CASE 
                        WHEN p.fecha_vencimiento IS NOT NULL 
                        THEN DATE_PART('day', p.fecha_vencimiento - CURRENT_DATE)::integer
                        ELSE NULL 
                    END as dias_para_vencer,
                    CASE 
                        WHEN p.stock_actual = 0 THEN 'Sin Stock'
                        WHEN p.stock_actual <= p.stock_minimo THEN 'Bajo'
                        WHEN p.stock_maximo IS NOT NULL AND p.stock_actual > p.stock_maximo THEN 'Excedido'
                        ELSE 'Normal'
                    END as nivel_alerta
                FROM producto p
                LEFT JOIN laboratorio l ON p.id_laboratorio = l.id_laboratorio
                LEFT JOIN seccion s ON p.id_seccion = s.id_seccion
                WHERE 1=1
             AND p.estado = $1) as subquery]
[parameters: ('Activo',)]
(Background on this error at: https://sqlalche.me/e/20/f405)
2025-09-06 17:07:19,924 | ERROR    | main | execute_query:474 | Error en query (intento 1/3): (sqlalchemy.dialects.postgresql.asyncpg.ProgrammingError) <class 'asyncpg.exceptions.UndefinedFunctionError'>: function date_part(unknown, integer) does not exist
HINT:  No function matches the given name and argument types. You might need to add explicit type casts.
[SQL: SELECT COUNT(*) FROM (
                SELECT 
                    p.*,
                    l.nombre_laboratorio,
                    s.nombre_seccion,
                    CASE WHEN p.stock_actual <= p.stock_minimo THEN true ELSE false END as alerta_stock,
                    CASE WHEN p.stock_maximo IS NOT NULL AND p.stock_actual > p.stock_maximo THEN true ELSE false END as stock_excedido,
                    CASE 
                        WHEN p.fecha_vencimiento IS NOT NULL 
                        THEN DATE_PART('day', p.fecha_vencimiento - CURRENT_DATE)::integer
                        ELSE NULL 
                    END as dias_para_vencer,
                    CASE 
                        WHEN p.stock_actual = 0 THEN 'Sin Stock'
                        WHEN p.stock_actual <= p.stock_minimo THEN 'Bajo'
                        WHEN p.stock_maximo IS NOT NULL AND p.stock_actual > p.stock_maximo THEN 'Excedido'
                        ELSE 'Normal'
                    END as nivel_alerta
                FROM producto p
                LEFT JOIN laboratorio l ON p.id_laboratorio = l.id_laboratorio
                LEFT JOIN seccion s ON p.id_seccion = s.id_seccion
                WHERE 1=1
             AND p.estado = $1) as subquery]
[parameters: ('Activo',)]
(Background on this error at: https://sqlalche.me/e/20/f405)
2025-09-06 17:07:21,475 | ERROR    | main | execute_query:474 | Error en query (intento 3/3): (sqlalchemy.dialects.postgresql.asyncpg.ProgrammingError) <class 'asyncpg.exceptions.UndefinedFunctionError'>: function date_part(unknown, integer) does not exist
HINT:  No function matches the given name and argument types. You might need to add explicit type casts.
[SQL: SELECT COUNT(*) FROM (
                SELECT 
                    p.*,
                    l.nombre_laboratorio,
                    s.nombre_seccion,
                    CASE WHEN p.stock_actual <= p.stock_minimo THEN true ELSE false END as alerta_stock,
                    CASE WHEN p.stock_maximo IS NOT NULL AND p.stock_actual > p.stock_maximo THEN true ELSE false END as stock_excedido,
                    CASE 
                        WHEN p.fecha_vencimiento IS NOT NULL 
                        THEN DATE_PART('day', p.fecha_vencimiento - CURRENT_DATE)::integer
                        ELSE NULL 
                    END as dias_para_vencer,
                    CASE 
                        WHEN p.stock_actual = 0 THEN 'Sin Stock'
                        WHEN p.stock_actual <= p.stock_minimo THEN 'Bajo'
                        WHEN p.stock_maximo IS NOT NULL AND p.stock_actual > p.stock_maximo THEN 'Excedido'
                        ELSE 'Normal'
                    END as nivel_alerta
                FROM producto p
                LEFT JOIN laboratorio l ON p.id_laboratorio = l.id_laboratorio
                LEFT JOIN seccion s ON p.id_seccion = s.id_seccion
                WHERE 1=1
             AND p.estado = $1) as subquery]
[parameters: ('Activo',)]
(Background on this error at: https://sqlalche.me/e/20/f405)
2025-09-06 17:07:21,475 | ERROR    | main | execute_query:474 | Error en query (intento 3/3): (sqlalchemy.dialects.postgresql.asyncpg.ProgrammingError) <class 'asyncpg.exceptions.UndefinedFunctionError'>: function date_part(unknown, integer) does not exist
HINT:  No function matches the given name and argument types. You might need to add explicit type casts.
[SQL: SELECT COUNT(*) FROM (
                SELECT 
                    p.*,
                    l.nombre_laboratorio,
                    s.nombre_seccion,
                    CASE WHEN p.stock_actual <= p.stock_minimo THEN true ELSE false END as alerta_stock,
                    CASE WHEN p.stock_maximo IS NOT NULL AND p.stock_actual > p.stock_maximo THEN true ELSE false END as stock_excedido,
                    CASE 
                        WHEN p.fecha_vencimiento IS NOT NULL 
                        THEN DATE_PART('day', p.fecha_vencimiento - CURRENT_DATE)::integer
                        ELSE NULL 
                    END as dias_para_vencer,
                    CASE 
                        WHEN p.stock_actual = 0 THEN 'Sin Stock'
                        WHEN p.stock_actual <= p.stock_minimo THEN 'Bajo'
                        WHEN p.stock_maximo IS NOT NULL AND p.stock_actual > p.stock_maximo THEN 'Excedido'
                        ELSE 'Normal'
                    END as nivel_alerta
                FROM producto p
                LEFT JOIN laboratorio l ON p.id_laboratorio = l.id_laboratorio
                LEFT JOIN seccion s ON p.id_seccion = s.id_seccion
                WHERE 1=1
             AND p.estado = $1) as subquery]
[parameters: ('Activo',)]
(Background on this error at: https://sqlalche.me/e/20/f405)
2025-09-06 17:07:21,481 | ERROR    | main | listar:596 | Error en listar productos: (sqlalchemy.dialects.postgresql.asyncpg.ProgrammingError) <class 'asyncpg.exceptions.UndefinedFunctionError'>: function date_part(unknown, integer) does not exist
HINT:  No function matches the given name and argument types. You might need to add explicit type casts.
[SQL: SELECT COUNT(*) FROM (
                SELECT 
                    p.*,
                    l.nombre_laboratorio,
                    s.nombre_seccion,
                    CASE WHEN p.stock_actual <= p.stock_minimo THEN true ELSE false END as alerta_stock,
                    CASE WHEN p.stock_maximo IS NOT NULL AND p.stock_actual > p.stock_maximo THEN true ELSE false END as stock_excedido,
                    CASE 
                        WHEN p.fecha_vencimiento IS NOT NULL 
                        THEN DATE_PART('day', p.fecha_vencimiento - CURRENT_DATE)::integer
                        ELSE NULL 
                    END as dias_para_vencer,
                    CASE 
                        WHEN p.stock_actual = 0 THEN 'Sin Stock'
                        WHEN p.stock_actual <= p.stock_minimo THEN 'Bajo'
                        WHEN p.stock_maximo IS NOT NULL AND p.stock_actual > p.stock_maximo THEN 'Excedido'
                        ELSE 'Normal'
                    END as nivel_alerta
                FROM producto p
                LEFT JOIN laboratorio l ON p.id_laboratorio = l.id_laboratorio
                LEFT JOIN seccion s ON p.id_seccion = s.id_seccion
                WHERE 1=1
             AND p.estado = $1) as subquery]
[parameters: ('Activo',)]
(Background on this error at: https://sqlalche.me/e/20/f405)
2025-09-06 17:07:21,481 | ERROR    | main | listar:596 | Error en listar productos: (sqlalchemy.dialects.postgresql.asyncpg.ProgrammingError) <class 'asyncpg.exceptions.UndefinedFunctionError'>: function date_part(unknown, integer) does not exist
HINT:  No function matches the given name and argument types. You might need to add explicit type casts.
[SQL: SELECT COUNT(*) FROM (
                SELECT 
                    p.*,
                    l.nombre_laboratorio,
                    s.nombre_seccion,
                    CASE WHEN p.stock_actual <= p.stock_minimo THEN true ELSE false END as alerta_stock,
                    CASE WHEN p.stock_maximo IS NOT NULL AND p.stock_actual > p.stock_maximo THEN true ELSE false END as stock_excedido,
                    CASE 
                        WHEN p.fecha_vencimiento IS NOT NULL 
                        THEN DATE_PART('day', p.fecha_vencimiento - CURRENT_DATE)::integer
                        ELSE NULL 
                    END as dias_para_vencer,
                    CASE 
                        WHEN p.stock_actual = 0 THEN 'Sin Stock'
                        WHEN p.stock_actual <= p.stock_minimo THEN 'Bajo'
                        WHEN p.stock_maximo IS NOT NULL AND p.stock_actual > p.stock_maximo THEN 'Excedido'
                        ELSE 'Normal'
                    END as nivel_alerta
                FROM producto p
                LEFT JOIN laboratorio l ON p.id_laboratorio = l.id_laboratorio
                LEFT JOIN seccion s ON p.id_seccion = s.id_seccion
                WHERE 1=1
             AND p.estado = $1) as subquery]
[parameters: ('Activo',)]
(Background on this error at: https://sqlalche.me/e/20/f405)
2025-09-06 17:07:21,484 | ERROR    | main | listar_productos:1055 | Error en listar productos: (sqlalchemy.dialects.postgresql.asyncpg.ProgrammingError) <class 'asyncpg.exceptions.UndefinedFunctionError'>: function date_part(unknown, integer) does not exist
HINT:  No function matches the given name and argument types. You might need to add explicit type casts.
[SQL: SELECT COUNT(*) FROM (
                SELECT 
                    p.*,
                    l.nombre_laboratorio,
                    s.nombre_seccion,
                    CASE WHEN p.stock_actual <= p.stock_minimo THEN true ELSE false END as alerta_stock,
                    CASE WHEN p.stock_maximo IS NOT NULL AND p.stock_actual > p.stock_maximo THEN true ELSE false END as stock_excedido,
                    CASE 
                        WHEN p.fecha_vencimiento IS NOT NULL 
                        THEN DATE_PART('day', p.fecha_vencimiento - CURRENT_DATE)::integer
                        ELSE NULL 
                    END as dias_para_vencer,
                    CASE 
                        WHEN p.stock_actual = 0 THEN 'Sin Stock'
                        WHEN p.stock_actual <= p.stock_minimo THEN 'Bajo'
                        WHEN p.stock_maximo IS NOT NULL AND p.stock_actual > p.stock_maximo THEN 'Excedido'
                        ELSE 'Normal'
                    END as nivel_alerta
                FROM producto p
                LEFT JOIN laboratorio l ON p.id_laboratorio = l.id_laboratorio
                LEFT JOIN seccion s ON p.id_seccion = s.id_seccion
                WHERE 1=1
             AND p.estado = $1) as subquery]
[parameters: ('Activo',)]
(Background on this error at: https://sqlalche.me/e/20/f405)
2025-09-06 17:07:21,484 | ERROR    | main | listar_productos:1055 | Error en listar productos: (sqlalchemy.dialects.postgresql.asyncpg.ProgrammingError) <class 'asyncpg.exceptions.UndefinedFunctionError'>: function date_part(unknown, integer) does not exist
HINT:  No function matches the given name and argument types. You might need to add explicit type casts.
[SQL: SELECT COUNT(*) FROM (
                SELECT 
                    p.*,
                    l.nombre_laboratorio,
                    s.nombre_seccion,
                    CASE WHEN p.stock_actual <= p.stock_minimo THEN true ELSE false END as alerta_stock,
                    CASE WHEN p.stock_maximo IS NOT NULL AND p.stock_actual > p.stock_maximo THEN true ELSE false END as stock_excedido,
                    CASE 
                        WHEN p.fecha_vencimiento IS NOT NULL 
                        THEN DATE_PART('day', p.fecha_vencimiento - CURRENT_DATE)::integer
                        ELSE NULL 
                    END as dias_para_vencer,
                    CASE 
                        WHEN p.stock_actual = 0 THEN 'Sin Stock'
                        WHEN p.stock_actual <= p.stock_minimo THEN 'Bajo'
                        WHEN p.stock_maximo IS NOT NULL AND p.stock_actual > p.stock_maximo THEN 'Excedido'
                        ELSE 'Normal'
                    END as nivel_alerta
                FROM producto p
                LEFT JOIN laboratorio l ON p.id_laboratorio = l.id_laboratorio
                LEFT JOIN seccion s ON p.id_seccion = s.id_seccion
                WHERE 1=1
             AND p.estado = $1) as subquery]
[parameters: ('Activo',)]
(Background on this error at: https://sqlalche.me/e/20/f405)
2025-09-06 17:07:21,494 | ERROR    | main | get_session:401 | Error inesperado: 
2025-09-06 17:07:21,494 | ERROR    | main | get_session:401 | Error inesperado: 
2025-09-06 17:07:38,852 | ERROR    | main | execute_query:474 | Error en query (intento 1/3): (sqlalchemy.dialects.postgresql.asyncpg.ProgrammingError) <class 'asyncpg.exceptions.UndefinedFunctionError'>: function date_part(unknown, integer) does not exist
HINT:  No function matches the given name and argument types. You might need to add explicit type casts.
[SQL: 
                SELECT 
                    p.*,
                    l.nombre_laboratorio,
                    s.nombre_seccion,
                    CASE 
                        WHEN p.stock_maximo IS NOT NULL AND p.stock_maximo > 0 
                        THEN ROUND((p.stock_actual::numeric / p.stock_maximo::numeric * 100), 2)
                        ELSE NULL 
                    END as porcentaje_stock,
                    CASE 
                        WHEN p.fecha_vencimiento IS NOT NULL 
                        THEN DATE_PART('day', p.fecha_vencimiento - CURRENT_DATE)::integer
                        ELSE NULL 
                    END as dias_para_vencer
                FROM producto p
                LEFT JOIN laboratorio l ON p.id_laboratorio = l.id_laboratorio
                LEFT JOIN seccion s ON p.id_seccion = s.id_seccion
                WHERE p.id_producto = $1
            ]
[parameters: (2,)]
(Background on this error at: https://sqlalche.me/e/20/f405)
2025-09-06 17:07:38,852 | ERROR    | main | execute_query:474 | Error en query (intento 1/3): (sqlalchemy.dialects.postgresql.asyncpg.ProgrammingError) <class 'asyncpg.exceptions.UndefinedFunctionError'>: function date_part(unknown, integer) does not exist
HINT:  No function matches the given name and argument types. You might need to add explicit type casts.
[SQL: 
                SELECT 
                    p.*,
                    l.nombre_laboratorio,
                    s.nombre_seccion,
                    CASE 
                        WHEN p.stock_maximo IS NOT NULL AND p.stock_maximo > 0 
                        THEN ROUND((p.stock_actual::numeric / p.stock_maximo::numeric * 100), 2)
                        ELSE NULL 
                    END as porcentaje_stock,
                    CASE 
                        WHEN p.fecha_vencimiento IS NOT NULL 
                        THEN DATE_PART('day', p.fecha_vencimiento - CURRENT_DATE)::integer
                        ELSE NULL 
                    END as dias_para_vencer
                FROM producto p
                LEFT JOIN laboratorio l ON p.id_laboratorio = l.id_laboratorio
                LEFT JOIN seccion s ON p.id_seccion = s.id_seccion
                WHERE p.id_producto = $1
            ]
[parameters: (2,)]
(Background on this error at: https://sqlalche.me/e/20/f405)
2025-09-06 17:07:40,400 | ERROR    | main | execute_query:474 | Error en query (intento 3/3): (sqlalchemy.dialects.postgresql.asyncpg.ProgrammingError) <class 'asyncpg.exceptions.UndefinedFunctionError'>: function date_part(unknown, integer) does not exist
HINT:  No function matches the given name and argument types. You might need to add explicit type casts.
[SQL: 
                SELECT 
                    p.*,
                    l.nombre_laboratorio,
                    s.nombre_seccion,
                    CASE 
                        WHEN p.stock_maximo IS NOT NULL AND p.stock_maximo > 0 
                        THEN ROUND((p.stock_actual::numeric / p.stock_maximo::numeric * 100), 2)
                        ELSE NULL 
                    END as porcentaje_stock,
                    CASE 
                        WHEN p.fecha_vencimiento IS NOT NULL 
                        THEN DATE_PART('day', p.fecha_vencimiento - CURRENT_DATE)::integer
                        ELSE NULL 
                    END as dias_para_vencer
                FROM producto p
                LEFT JOIN laboratorio l ON p.id_laboratorio = l.id_laboratorio
                LEFT JOIN seccion s ON p.id_seccion = s.id_seccion
                WHERE p.id_producto = $1
            ]
[parameters: (2,)]
(Background on this error at: https://sqlalche.me/e/20/f405)
2025-09-06 17:07:40,400 | ERROR    | main | execute_query:474 | Error en query (intento 3/3): (sqlalchemy.dialects.postgresql.asyncpg.ProgrammingError) <class 'asyncpg.exceptions.UndefinedFunctionError'>: function date_part(unknown, integer) does not exist
HINT:  No function matches the given name and argument types. You might need to add explicit type casts.
[SQL: 
                SELECT 
                    p.*,
                    l.nombre_laboratorio,
                    s.nombre_seccion,
                    CASE 
                        WHEN p.stock_maximo IS NOT NULL AND p.stock_maximo > 0 
                        THEN ROUND((p.stock_actual::numeric / p.stock_maximo::numeric * 100), 2)
                        ELSE NULL 
                    END as porcentaje_stock,
                    CASE 
                        WHEN p.fecha_vencimiento IS NOT NULL 
                        THEN DATE_PART('day', p.fecha_vencimiento - CURRENT_DATE)::integer
                        ELSE NULL 
                    END as dias_para_vencer
                FROM producto p
                LEFT JOIN laboratorio l ON p.id_laboratorio = l.id_laboratorio
                LEFT JOIN seccion s ON p.id_seccion = s.id_seccion
                WHERE p.id_producto = $1
            ]
[parameters: (2,)]
(Background on this error at: https://sqlalche.me/e/20/f405)
2025-09-06 17:07:40,404 | ERROR    | main | obtener_por_id:655 | Error obteniendo producto 2: (sqlalchemy.dialects.postgresql.asyncpg.ProgrammingError) <class 'asyncpg.exceptions.UndefinedFunctionError'>: function date_part(unknown, integer) does not exist
HINT:  No function matches the given name and argument types. You might need to add explicit type casts.
[SQL: 
                SELECT 
                    p.*,
                    l.nombre_laboratorio,
                    s.nombre_seccion,
                    CASE 
                        WHEN p.stock_maximo IS NOT NULL AND p.stock_maximo > 0 
                        THEN ROUND((p.stock_actual::numeric / p.stock_maximo::numeric * 100), 2)
                        ELSE NULL 
                    END as porcentaje_stock,
                    CASE 
                        WHEN p.fecha_vencimiento IS NOT NULL 
                        THEN DATE_PART('day', p.fecha_vencimiento - CURRENT_DATE)::integer
                        ELSE NULL 
                    END as dias_para_vencer
                FROM producto p
                LEFT JOIN laboratorio l ON p.id_laboratorio = l.id_laboratorio
                LEFT JOIN seccion s ON p.id_seccion = s.id_seccion
                WHERE p.id_producto = $1
            ]
[parameters: (2,)]
(Background on this error at: https://sqlalche.me/e/20/f405)
2025-09-06 17:07:40,404 | ERROR    | main | obtener_por_id:655 | Error obteniendo producto 2: (sqlalchemy.dialects.postgresql.asyncpg.ProgrammingError) <class 'asyncpg.exceptions.UndefinedFunctionError'>: function date_part(unknown, integer) does not exist
HINT:  No function matches the given name and argument types. You might need to add explicit type casts.
[SQL: 
                SELECT 
                    p.*,
                    l.nombre_laboratorio,
                    s.nombre_seccion,
                    CASE 
                        WHEN p.stock_maximo IS NOT NULL AND p.stock_maximo > 0 
                        THEN ROUND((p.stock_actual::numeric / p.stock_maximo::numeric * 100), 2)
                        ELSE NULL 
                    END as porcentaje_stock,
                    CASE 
                        WHEN p.fecha_vencimiento IS NOT NULL 
                        THEN DATE_PART('day', p.fecha_vencimiento - CURRENT_DATE)::integer
                        ELSE NULL 
                    END as dias_para_vencer
                FROM producto p
                LEFT JOIN laboratorio l ON p.id_laboratorio = l.id_laboratorio
                LEFT JOIN seccion s ON p.id_seccion = s.id_seccion
                WHERE p.id_producto = $1
            ]
[parameters: (2,)]
(Background on this error at: https://sqlalche.me/e/20/f405)
2025-09-06 17:07:40,404 | ERROR    | main | obtener_producto:1082 | Error obteniendo producto: (sqlalchemy.dialects.postgresql.asyncpg.ProgrammingError) <class 'asyncpg.exceptions.UndefinedFunctionError'>: function date_part(unknown, integer) does not exist
HINT:  No function matches the given name and argument types. You might need to add explicit type casts.
[SQL: 
                SELECT 
                    p.*,
                    l.nombre_laboratorio,
                    s.nombre_seccion,
                    CASE 
                        WHEN p.stock_maximo IS NOT NULL AND p.stock_maximo > 0 
                        THEN ROUND((p.stock_actual::numeric / p.stock_maximo::numeric * 100), 2)
                        ELSE NULL 
                    END as porcentaje_stock,
                    CASE 
                        WHEN p.fecha_vencimiento IS NOT NULL 
                        THEN DATE_PART('day', p.fecha_vencimiento - CURRENT_DATE)::integer
                        ELSE NULL 
                    END as dias_para_vencer
                FROM producto p
                LEFT JOIN laboratorio l ON p.id_laboratorio = l.id_laboratorio
                LEFT JOIN seccion s ON p.id_seccion = s.id_seccion
                WHERE p.id_producto = $1
            ]
[parameters: (2,)]
(Background on this error at: https://sqlalche.me/e/20/f405)
2025-09-06 17:07:40,404 | ERROR    | main | obtener_producto:1082 | Error obteniendo producto: (sqlalchemy.dialects.postgresql.asyncpg.ProgrammingError) <class 'asyncpg.exceptions.UndefinedFunctionError'>: function date_part(unknown, integer) does not exist
HINT:  No function matches the given name and argument types. You might need to add explicit type casts.
[SQL: 
                SELECT 
                    p.*,
                    l.nombre_laboratorio,
                    s.nombre_seccion,
                    CASE 
                        WHEN p.stock_maximo IS NOT NULL AND p.stock_maximo > 0 
                        THEN ROUND((p.stock_actual::numeric / p.stock_maximo::numeric * 100), 2)
                        ELSE NULL 
                    END as porcentaje_stock,
                    CASE 
                        WHEN p.fecha_vencimiento IS NOT NULL 
                        THEN DATE_PART('day', p.fecha_vencimiento - CURRENT_DATE)::integer
                        ELSE NULL 
                    END as dias_para_vencer
                FROM producto p
                LEFT JOIN laboratorio l ON p.id_laboratorio = l.id_laboratorio
                LEFT JOIN seccion s ON p.id_seccion = s.id_seccion
                WHERE p.id_producto = $1
            ]
[parameters: (2,)]
(Background on this error at: https://sqlalche.me/e/20/f405)
2025-09-06 17:07:40,414 | ERROR    | main | get_session:401 | Error inesperado: 
2025-09-06 17:07:40,414 | ERROR    | main | get_session:401 | Error inesperado: 
